[2025-11-19 22:57:16] : Begin
--------------------
*MCUTYPE* : STC8G1K08A-8PIN
*ISPMODE* : 1
*ISPRESULT* : 3
--------------------
[2025-11-19 22:57:31] : End
--------------------------------------------------
[2025-11-19 23:00:18] : Begin
--------------------
*MCUTYPE* : STC8G1K08A-8PIN
*ISPMODE* : 1
*ISPRESULT* : 5
--------------------
[2025-11-19 23:00:20] : End
--------------------------------------------------
[2025-11-19 23:01:02] : Begin
--------------------
*MCUTYPE* : STC8G1K08A-8PIN
*ISPMODE* : 1
*ISPRESULT* : 5
--------------------
[2025-11-19 23:01:05] : End
--------------------------------------------------
[2025-11-19 23:01:55] : Begin
--------------------
*MCUTYPE* : STC8G1K08A-8PIN
*ISPMODE* : 1
*ISPRESULT* : 5
--------------------
[2025-11-19 23:01:58] : End
--------------------------------------------------
