[2025-11-18 22:43:13] : Begin
--------------------
*MCUTYPE* : STC8G1K08A-8PIN
*ISPMODE* : 1
*ISPRESULT* : 5
--------------------
[2025-11-18 22:43:16] : End
--------------------------------------------------
[2025-11-18 22:43:31] : Begin
--------------------
*MCUTYPE* : STC8G1K08A-8PIN
*ISPMODE* : 1
*ISPRESULT* : 5
--------------------
[2025-11-18 22:43:34] : End
--------------------------------------------------
[2025-11-18 23:18:34] : Begin
--------------------
*MCUTYPE* : STC8G1K08A-8PIN
*FILENAME* : D:\02_Embedded_System\Keil\C51\stc8g1k08a\00_Template\Objects\project.hex
*FILETIME* : 2025年11月18日, 23:16:58
*FILESIZE* : 1116 (0x00045C)
*CODESIZE* : 376 (0x000178)
*CHECKSUM* : 0x0000ADD1
*ISPMODE* : 2
*ISPRESULT* : 3
--------------------
[2025-11-18 23:22:26] : End
--------------------------------------------------
[2025-11-18 23:22:28] : Begin
[2025-11-18 23:24:38] : Begin
--------------------
*MCUTYPE* : STC8G1K08A-8PIN
*ISPMODE* : 1
*ISPRESULT* : 5
--------------------
[2025-11-18 23:24:41] : End
--------------------------------------------------
[2025-11-18 23:25:14] : Begin
--------------------
*MCUTYPE* : STC8G1K08A-8PIN
*FILENAME* : D:\02_Embedded_System\Keil\C51\stc8g1k08a\00_Template\Objects\project.hex
*FILETIME* : 2025年11月18日, 23:16:58
*FILESIZE* : 1116 (0x00045C)
*CODESIZE* : 376 (0x000178)
*CHECKSUM* : 0x0000ADD1
*ISPMODE* : 2
*ISPRESULT* : 2
--------------------
[2025-11-18 23:25:22] : End
--------------------------------------------------
[2025-11-18 23:25:32] : Begin
--------------------
*MCUTYPE* : STC8G1K08A-8PIN
*FILENAME* : D:\02_Embedded_System\Keil\C51\stc8g1k08a\00_Template\Objects\project.hex
*FILETIME* : 2025年11月18日, 23:16:58
*FILESIZE* : 1116 (0x00045C)
*CODESIZE* : 376 (0x000178)
*CHECKSUM* : 0x0000ADD1
*ISPMODE* : 2
*ISPRESULT* : 2
--------------------
[2025-11-18 23:25:41] : End
--------------------------------------------------
[2025-11-18 23:25:59] : Begin
--------------------
*MCUTYPE* : STC8G1K08A-8PIN
*FILENAME* : D:\02_Embedded_System\Keil\C51\stc8g1k08a\00_Template\Objects\project.hex
*FILETIME* : 2025年11月18日, 23:16:58
*FILESIZE* : 1116 (0x00045C)
*CODESIZE* : 376 (0x000178)
*CHECKSUM* : 0x0000ADD1
*ISPMODE* : 2
*ISPRESULT* : 2
--------------------
[2025-11-18 23:26:06] : End
--------------------------------------------------
[2025-11-18 23:26:18] : Begin
--------------------
*MCUTYPE* : STC8G1K08A-8PIN
*FILENAME* : D:\02_Embedded_System\Keil\C51\stc8g1k08a\00_Template\Objects\project.hex
*FILETIME* : 2025年11月18日, 23:16:58
*FILESIZE* : 1116 (0x00045C)
*CODESIZE* : 376 (0x000178)
*CHECKSUM* : 0x0000ADD1
*ISPMODE* : 1
*ISPRESULT* : 5
--------------------
[2025-11-18 23:26:23] : End
--------------------------------------------------
[2025-11-18 23:26:35] : Begin
--------------------
*MCUTYPE* : STC8G1K08A-8PIN
*FILENAME* : D:\02_Embedded_System\Keil\C51\stc8g1k08a\00_Template\Objects\project.hex
*FILETIME* : 2025年11月18日, 23:16:58
*FILESIZE* : 1116 (0x00045C)
*CODESIZE* : 376 (0x000178)
*CHECKSUM* : 0x0000ADD1
*ISPMODE* : 2
*ISPRESULT* : 2
--------------------
[2025-11-18 23:26:43] : End
--------------------------------------------------
[2025-11-18 23:26:54] : Begin
--------------------
*MCUTYPE* : STC8G1K08A-8PIN
*FILENAME* : D:\02_Embedded_System\Keil\C51\stc8g1k08a\00_Template\Objects\project.hex
*FILETIME* : 2025年11月18日, 23:16:58
*FILESIZE* : 1116 (0x00045C)
*CODESIZE* : 376 (0x000178)
*CHECKSUM* : 0x0000ADD1
*ISPMODE* : 2
*ISPRESULT* : 2
--------------------
[2025-11-18 23:27:02] : End
--------------------------------------------------
[2025-11-18 23:28:26] : Begin
--------------------
*MCUTYPE* : STC8G1K08A-8PIN
*FILENAME* : D:\02_Embedded_System\Keil\C51\stc8g1k08a\00_Template\Objects\project.hex
*FILETIME* : 2025年11月18日, 23:16:58
*FILESIZE* : 1116 (0x00045C)
*CODESIZE* : 376 (0x000178)
*CHECKSUM* : 0x0000ADD1
*ISPMODE* : 2
*ISPRESULT* : 3
--------------------
[2025-11-18 23:30:01] : End
--------------------------------------------------
[2025-11-18 23:30:32] : Begin
--------------------
*MCUTYPE* : STC8G1K08A-8PIN
*FILENAME* : D:\02_Embedded_System\Keil\C51\stc8g1k08a\00_Template\Objects\project.hex
*FILETIME* : 2025年11月18日, 23:16:58
*FILESIZE* : 1116 (0x00045C)
*CODESIZE* : 376 (0x000178)
*CHECKSUM* : 0x0000ADD1
*ISPMODE* : 1
*ISPRESULT* : 3
--------------------
[2025-11-18 23:30:56] : End
--------------------------------------------------
[2025-11-18 23:30:57] : Begin
--------------------
*MCUTYPE* : STC8G1K08A-8PIN
*FILENAME* : D:\02_Embedded_System\Keil\C51\stc8g1k08a\00_Template\Objects\project.hex
*FILETIME* : 2025年11月18日, 23:16:58
*FILESIZE* : 1116 (0x00045C)
*CODESIZE* : 376 (0x000178)
*CHECKSUM* : 0x0000ADD1
*ISPMODE* : 1
*ISPRESULT* : 3
--------------------
[2025-11-18 23:31:23] : End
--------------------------------------------------
[2025-11-18 23:31:24] : Begin
--------------------
*MCUTYPE* : STC8G1K08A-8PIN
*FILENAME* : D:\02_Embedded_System\Keil\C51\stc8g1k08a\00_Template\Objects\project.hex
*FILETIME* : 2025年11月18日, 23:16:58
*FILESIZE* : 1116 (0x00045C)
*CODESIZE* : 376 (0x000178)
*CHECKSUM* : 0x0000ADD1
*ISPMODE* : 1
*ISPRESULT* : 3
--------------------
[2025-11-18 23:34:38] : End
--------------------------------------------------
[2025-11-18 23:34:39] : Begin
--------------------
*MCUTYPE* : STC8G1K08A-8PIN
*FILENAME* : D:\02_Embedded_System\Keil\C51\stc8g1k08a\00_Template\Objects\project.hex
*FILETIME* : 2025年11月18日, 23:16:58
*FILESIZE* : 1116 (0x00045C)
*CODESIZE* : 376 (0x000178)
*CHECKSUM* : 0x0000ADD1
*ISPMODE* : 1
*ISPRESULT* : 3
--------------------
[2025-11-18 23:36:21] : End
--------------------------------------------------
[2025-11-18 23:36:22] : Begin
--------------------
*MCUTYPE* : STC8G1K08A-8PIN
*FILENAME* : D:\02_Embedded_System\Keil\C51\stc8g1k08a\00_Template\Objects\project.hex
*FILETIME* : 2025年11月18日, 23:16:58
*FILESIZE* : 1116 (0x00045C)
*CODESIZE* : 376 (0x000178)
*CHECKSUM* : 0x0000ADD1
*ISPMODE* : 1
*ISPRESULT* : 3
--------------------
[2025-11-18 23:38:28] : End
--------------------------------------------------
[2025-11-18 23:38:32] : Begin
--------------------
*MCUTYPE* : STC8G1K08A-8PIN
*FILENAME* : D:\02_Embedded_System\Keil\C51\stc8g1k08a\00_Template\Objects\project.hex
*FILETIME* : 2025年11月18日, 23:16:58
*FILESIZE* : 1116 (0x00045C)
*CODESIZE* : 376 (0x000178)
*CHECKSUM* : 0x0000ADD1
*ISPMODE* : 1
*ISPRESULT* : 3
--------------------
[2025-11-18 23:40:10] : End
--------------------------------------------------
[2025-11-18 23:40:11] : Begin
--------------------
*MCUTYPE* : STC8G1K08A-8PIN
*FILENAME* : D:\02_Embedded_System\Keil\C51\stc8g1k08a\00_Template\Objects\project.hex
*FILETIME* : 2025年11月18日, 23:16:58
*FILESIZE* : 1116 (0x00045C)
*CODESIZE* : 376 (0x000178)
*CHECKSUM* : 0x0000ADD1
*ISPMODE* : 1
*ISPRESULT* : 3
--------------------
[2025-11-18 23:41:15] : End
--------------------------------------------------
[2025-11-18 23:41:17] : Begin
--------------------
*MCUTYPE* : STC8G1K08A-8PIN
*FILENAME* : D:\02_Embedded_System\Keil\C51\stc8g1k08a\00_Template\Objects\project.hex
*FILETIME* : 2025年11月18日, 23:16:58
*FILESIZE* : 1116 (0x00045C)
*CODESIZE* : 376 (0x000178)
*CHECKSUM* : 0x0000ADD1
*ISPMODE* : 1
*ISPRESULT* : 3
--------------------
[2025-11-18 23:41:20] : End
--------------------------------------------------
[2025-11-18 23:41:52] : Begin
--------------------
*MCUTYPE* : STC8G1K08A-8PIN
*FILENAME* : D:\02_Embedded_System\Keil\C51\stc8g1k08a\00_Template\Objects\project.hex
*FILETIME* : 2025年11月18日, 23:16:58
*FILESIZE* : 1116 (0x00045C)
*CODESIZE* : 376 (0x000178)
*CHECKSUM* : 0x0000ADD1
*ISPMODE* : 1
*ISPRESULT* : 3
--------------------
[2025-11-18 23:42:01] : End
--------------------------------------------------
[2025-11-18 23:42:02] : Begin
--------------------
*MCUTYPE* : STC8G1K08A-8PIN
*FILENAME* : D:\02_Embedded_System\Keil\C51\stc8g1k08a\00_Template\Objects\project.hex
*FILETIME* : 2025年11月18日, 23:16:58
*FILESIZE* : 1116 (0x00045C)
*CODESIZE* : 376 (0x000178)
*CHECKSUM* : 0x0000ADD1
*ISPMODE* : 1
*ISPRESULT* : 5
--------------------
[2025-11-18 23:42:07] : End
--------------------------------------------------
[2025-11-18 23:42:20] : Begin
--------------------
*MCUTYPE* : STC8G1K08A-8PIN
*FILENAME* : D:\02_Embedded_System\Keil\C51\stc8g1k08a\00_Template\Objects\project.hex
*FILETIME* : 2025年11月18日, 23:16:58
*FILESIZE* : 1116 (0x00045C)
*CODESIZE* : 376 (0x000178)
*CHECKSUM* : 0x0000ADD1
*ISPMODE* : 2
*ISPRESULT* : 3
--------------------
[2025-11-18 23:44:47] : End
--------------------------------------------------
[2025-11-18 23:45:06] : Begin
--------------------
*MCUTYPE* : STC8G1K08A-8PIN
*FILENAME* : D:\02_Embedded_System\Keil\C51\stc8g1k08a\00_Template\Objects\project.hex
*FILETIME* : 2025年11月18日, 23:16:58
*FILESIZE* : 1116 (0x00045C)
*CODESIZE* : 376 (0x000178)
*CHECKSUM* : 0x0000ADD1
*ISPMODE* : 1
*ISPRESULT* : 5
--------------------
[2025-11-18 23:45:09] : End
--------------------------------------------------
[2025-11-18 23:45:11] : Begin
--------------------
*MCUTYPE* : STC8G1K08A-8PIN
*MCUID* : F794C48513C810
*FILENAME* : D:\02_Embedded_System\Keil\C51\stc8g1k08a\00_Template\Objects\project.hex
*FILETIME* : 2025年11月18日, 23:16:58
*FILESIZE* : 1116 (0x00045C)
*CODESIZE* : 376 (0x000178)
*CHECKSUM* : 0x0000ADD1
*ISPMODE* : 2
*ISPRESULT* : 0
--------------------
[2025-11-18 23:45:15] : End
--------------------------------------------------
[2025-11-18 23:45:50] : Begin
--------------------
*MCUTYPE* : STC8G1K08A-8PIN
*FILENAME* : D:\02_Embedded_System\Keil\C51\stc8g1k08a\00_Template\Objects\project.hex
*FILETIME* : 2025年11月18日, 23:16:58
*FILESIZE* : 1116 (0x00045C)
*CODESIZE* : 376 (0x000178)
*CHECKSUM* : 0x0000ADD1
*ISPMODE* : 2
*ISPRESULT* : 3
--------------------
[2025-11-18 23:46:23] : End
--------------------------------------------------
[2025-11-18 23:46:26] : Begin
--------------------
*MCUTYPE* : STC8G1K08A-8PIN
*MCUID* : F794C48513C810
*FILENAME* : D:\02_Embedded_System\Keil\C51\stc8g1k08a\00_Template\Objects\project.hex
*FILETIME* : 2025年11月18日, 23:16:58
*FILESIZE* : 1116 (0x00045C)
*CODESIZE* : 376 (0x000178)
*CHECKSUM* : 0x0000ADD1
*ISPMODE* : 2
*ISPRESULT* : 0
--------------------
[2025-11-18 23:46:27] : End
--------------------------------------------------
[2025-11-18 23:47:27] : Begin
--------------------
*MCUTYPE* : STC8G1K08A-8PIN
*ISPMODE* : 1
*ISPRESULT* : 5
--------------------
[2025-11-18 23:47:29] : End
--------------------------------------------------
[2025-11-18 23:47:38] : Begin
--------------------
*MCUTYPE* : STC8G1K08A-8PIN
*MCUID* : F794C48513C810
*FILENAME* : D:\02_Embedded_System\Keil\C51\stc8g1k08a\00_Template\Objects\project.hex
*FILETIME* : 2025年11月18日, 23:16:58
*FILESIZE* : 1116 (0x00045C)
*CODESIZE* : 376 (0x000178)
*CHECKSUM* : 0x0000ADD1
*ISPMODE* : 2
*ISPRESULT* : 0
--------------------
[2025-11-18 23:47:42] : End
--------------------------------------------------
[2025-11-18 23:48:01] : Begin
--------------------
*MCUTYPE* : STC8G1K08A-8PIN
*FILENAME* : D:\02_Embedded_System\Keil\C51\stc8g1k08a\00_Template\Objects\project.hex
*FILETIME* : 2025年11月18日, 23:16:58
*FILESIZE* : 1116 (0x00045C)
*CODESIZE* : 376 (0x000178)
*CHECKSUM* : 0x0000ADD1
*ISPMODE* : 2
*ISPRESULT* : 3
--------------------
[2025-11-18 23:48:24] : End
--------------------------------------------------
[2025-11-18 23:48:29] : Begin
--------------------
*MCUTYPE* : STC8G1K08A-8PIN
*FILENAME* : D:\02_Embedded_System\Keil\C51\stc8g1k08a\00_Template\Objects\project.hex
*FILETIME* : 2025年11月18日, 23:16:58
*FILESIZE* : 1116 (0x00045C)
*CODESIZE* : 376 (0x000178)
*CHECKSUM* : 0x0000ADD1
*ISPMODE* : 2
*ISPRESULT* : 3
--------------------
[2025-11-18 23:48:32] : End
--------------------------------------------------
[2025-11-18 23:48:39] : Begin
--------------------
*MCUTYPE* : STC8G1K08A-8PIN
*MCUID* : F794C48513C810
*FILENAME* : D:\02_Embedded_System\Keil\C51\stc8g1k08a\00_Template\Objects\project.hex
*FILETIME* : 2025年11月18日, 23:16:58
*FILESIZE* : 1116 (0x00045C)
*CODESIZE* : 376 (0x000178)
*CHECKSUM* : 0x0000ADD1
*ISPMODE* : 2
*ISPRESULT* : 0
--------------------
[2025-11-18 23:48:42] : End
--------------------------------------------------
