[2025-11-23 00:02:23] : Begin
--------------------
*MCUTYPE* : STC8G1K08A-8PIN
*MCUID* : F794C4161F11C7
*FILENAME* : D:\02_Embedded_System\Keil\C51\stc8g1k08a\00_Template\Objects\project.hex
*FILETIME* : 2025年11月23日, 00:02:22
*FILESIZE* : 1341 (0x00053D)
*CODESIZE* : 434 (0x0001B2)
*CHECKSUM* : 0x0000EE59
*ISPMODE* : 2
*ISPRESULT* : 0
--------------------
[2025-11-23 00:02:28] : End
--------------------------------------------------
[2025-11-23 00:13:49] : Begin
--------------------
*MCUTYPE* : STC8G1K08A-8PIN
*FILENAME* : D:\02_Embedded_System\Keil\C51\stc8g1k08a\00_Template\Objects\project.hex
*FILETIME* : 2025年11月23日, 00:13:26
*FILESIZE* : 1335 (0x000537)
*CODESIZE* : 431 (0x0001AF)
*CHECKSUM* : 0x0000EBEE
*ISPMODE* : 1
*ISPRESULT* : 5
--------------------
[2025-11-23 00:13:52] : End
--------------------------------------------------
[2025-11-23 00:13:55] : Begin
--------------------
*MCUTYPE* : STC8G1K08A-8PIN
*FILENAME* : D:\02_Embedded_System\Keil\C51\stc8g1k08a\00_Template\Objects\project.hex
*FILETIME* : 2025年11月23日, 00:13:26
*FILESIZE* : 1335 (0x000537)
*CODESIZE* : 431 (0x0001AF)
*CHECKSUM* : 0x0000EBEE
*ISPMODE* : 2
*ISPRESULT* : 3
--------------------
[2025-11-23 00:14:00] : End
--------------------------------------------------
[2025-11-23 00:14:01] : Begin
--------------------
*MCUTYPE* : STC8G1K08A-8PIN
*MCUID* : F794C4161F11C7
*FILENAME* : D:\02_Embedded_System\Keil\C51\stc8g1k08a\00_Template\Objects\project.hex
*FILETIME* : 2025年11月23日, 00:13:26
*FILESIZE* : 1335 (0x000537)
*CODESIZE* : 431 (0x0001AF)
*CHECKSUM* : 0x0000EBEE
*ISPMODE* : 2
*ISPRESULT* : 0
--------------------
[2025-11-23 00:14:06] : End
--------------------------------------------------
[2025-11-23 00:21:02] : Begin
--------------------
*MCUTYPE* : STC8G1K08A-8PIN
*MCUID* : F794C4161F11C7
*FILENAME* : D:\02_Embedded_System\Keil\C51\stc8g1k08a\00_Template\Objects\project.hex
*FILETIME* : 2025年11月23日, 00:21:00
*FILESIZE* : 1321 (0x000529)
*CODESIZE* : 424 (0x0001A8)
*CHECKSUM* : 0x0000EA9C
*ISPMODE* : 2
*ISPRESULT* : 0
--------------------
[2025-11-23 00:21:06] : End
--------------------------------------------------
[2025-11-23 00:21:59] : Begin
--------------------
*MCUTYPE* : STC8G1K08A-8PIN
*MCUID* : F794C4161F11C7
*FILENAME* : D:\02_Embedded_System\Keil\C51\stc8g1k08a\00_Template\Objects\project.hex
*FILETIME* : 2025年11月23日, 00:21:58
*FILESIZE* : 1315 (0x000523)
*CODESIZE* : 421 (0x0001A5)
*CHECKSUM* : 0x0000E9A8
*ISPMODE* : 2
*ISPRESULT* : 0
--------------------
[2025-11-23 00:22:03] : End
--------------------------------------------------
[2025-11-23 00:30:48] : Begin
--------------------
*MCUTYPE* : STC8G1K08A-8PIN
*MCUID* : F794C4161F11C7
*FILENAME* : D:\02_Embedded_System\Keil\C51\stc8g1k08a\00_Template\Objects\project.hex
*FILETIME* : 2025年11月23日, 00:30:46
*FILESIZE* : 1356 (0x00054C)
*CODESIZE* : 435 (0x0001B3)
*CHECKSUM* : 0x0000F237
*ISPMODE* : 2
*ISPRESULT* : 0
--------------------
[2025-11-23 00:31:19] : End
--------------------------------------------------
[2025-11-23 00:32:31] : Begin
--------------------
*MCUTYPE* : STC8G1K08A-8PIN
*MCUID* : F794C4161F11C7
*FILENAME* : D:\02_Embedded_System\Keil\C51\stc8g1k08a\00_Template\Objects\project.hex
*FILETIME* : 2025年11月23日, 00:32:30
*FILESIZE* : 1374 (0x00055E)
*CODESIZE* : 444 (0x0001BC)
*CHECKSUM* : 0x0000F534
*ISPMODE* : 2
*ISPRESULT* : 0
--------------------
[2025-11-23 00:32:46] : End
--------------------------------------------------
[2025-11-23 00:35:20] : Begin
--------------------
*MCUTYPE* : STC8G1K08A-8PIN
*FILENAME* : D:\02_Embedded_System\Keil\C51\stc8g1k08a\00_Template\Objects\project.hex
*FILETIME* : 2025年11月23日, 00:35:19
*FILESIZE* : 1333 (0x000535)
*CODESIZE* : 430 (0x0001AE)
*CHECKSUM* : 0x0000EC8D
*ISPMODE* : 2
*ISPRESULT* : 3
--------------------
[2025-11-23 00:35:42] : End
--------------------------------------------------
[2025-11-23 00:35:45] : Begin
--------------------
*MCUTYPE* : STC8G1K08A-8PIN
*MCUID* : F794C4161F11C7
*FILENAME* : D:\02_Embedded_System\Keil\C51\stc8g1k08a\00_Template\Objects\project.hex
*FILETIME* : 2025年11月23日, 00:35:19
*FILESIZE* : 1333 (0x000535)
*CODESIZE* : 430 (0x0001AE)
*CHECKSUM* : 0x0000EC8D
*ISPMODE* : 2
*ISPRESULT* : 0
--------------------
[2025-11-23 00:35:48] : End
--------------------------------------------------
[2025-11-23 00:36:51] : Begin
--------------------
*MCUTYPE* : STC8G1K08A-8PIN
*MCUID* : F794C4161F11C7
*FILENAME* : D:\02_Embedded_System\Keil\C51\stc8g1k08a\00_Template\Objects\project.hex
*FILETIME* : 2025年11月23日, 00:36:50
*FILESIZE* : 1333 (0x000535)
*CODESIZE* : 430 (0x0001AE)
*CHECKSUM* : 0x0000EC8D
*ISPMODE* : 2
*ISPRESULT* : 0
--------------------
[2025-11-23 00:36:58] : End
--------------------------------------------------
[2025-11-23 16:44:54] : Begin
--------------------
*MCUTYPE* : STC8G1K08A-8PIN
*ISPMODE* : 1
*ISPRESULT* : 5
--------------------
[2025-11-23 16:44:56] : End
--------------------------------------------------
[2025-11-23 16:45:01] : Begin
--------------------
*MCUTYPE* : STC8G1K08A-8PIN
*FILENAME* : D:\02_Embedded_System\Keil\C51\stc8g1k08a\00_Template\Objects\project.hex
*FILETIME* : 2025年11月23日, 16:42:24
*FILESIZE* : 1565 (0x00061D)
*CODESIZE* : 505 (0x0001F9)
*CHECKSUM* : 0x0001080D
*ISPMODE* : 2
*ISPRESULT* : 2
--------------------
[2025-11-23 16:45:08] : End
--------------------------------------------------
[2025-11-23 16:45:10] : Begin
--------------------
*MCUTYPE* : STC8G1K08A-8PIN
*MCUID* : F794C4161F11C7
*FILENAME* : D:\02_Embedded_System\Keil\C51\stc8g1k08a\00_Template\Objects\project.hex
*FILETIME* : 2025年11月23日, 16:42:24
*FILESIZE* : 1565 (0x00061D)
*CODESIZE* : 505 (0x0001F9)
*CHECKSUM* : 0x0001080D
*ISPMODE* : 2
*ISPRESULT* : 0
--------------------
[2025-11-23 16:45:14] : End
--------------------------------------------------
[2025-11-23 16:45:40] : Begin
--------------------
*MCUTYPE* : STC8G1K08A-8PIN
*MCUID* : F794C4161F11C7
*FILENAME* : D:\02_Embedded_System\Keil\C51\stc8g1k08a\00_Template\Objects\project.hex
*FILETIME* : 2025年11月23日, 16:45:39
*FILESIZE* : 1639 (0x000667)
*CODESIZE* : 529 (0x000211)
*CHECKSUM* : 0x00010D8F
*ISPMODE* : 2
*ISPRESULT* : 0
--------------------
[2025-11-23 16:45:45] : End
--------------------------------------------------
[2025-11-23 16:51:18] : Begin
--------------------
*MCUTYPE* : STC8G1K08A-8PIN
*MCUID* : F794C4161F11C7
*FILENAME* : D:\02_Embedded_System\Keil\C51\stc8g1k08a\00_Template\Objects\project.hex
*FILETIME* : 2025年11月23日, 16:51:17
*FILESIZE* : 1653 (0x000675)
*CODESIZE* : 536 (0x000218)
*CHECKSUM* : 0x0001103D
*ISPMODE* : 2
*ISPRESULT* : 0
--------------------
[2025-11-23 16:51:23] : End
--------------------------------------------------
[2025-11-23 16:53:00] : Begin
--------------------
*MCUTYPE* : STC8G1K08A-8PIN
*MCUID* : F794C4161F11C7
*FILENAME* : D:\02_Embedded_System\Keil\C51\stc8g1k08a\00_Template\Objects\project.hex
*FILETIME* : 2025年11月23日, 16:52:58
*FILESIZE* : 1653 (0x000675)
*CODESIZE* : 536 (0x000218)
*CHECKSUM* : 0x0001103D
*ISPMODE* : 2
*ISPRESULT* : 0
--------------------
[2025-11-23 16:53:05] : End
--------------------------------------------------
[2025-11-23 16:53:52] : Begin
--------------------
*MCUTYPE* : STC8G1K08A-8PIN
*MCUID* : F794C4161F11C7
*FILENAME* : D:\02_Embedded_System\Keil\C51\stc8g1k08a\00_Template\Objects\project.hex
*FILETIME* : 2025年11月23日, 16:53:50
*FILESIZE* : 1659 (0x00067B)
*CODESIZE* : 539 (0x00021B)
*CHECKSUM* : 0x000111CF
*ISPMODE* : 2
*ISPRESULT* : 0
--------------------
[2025-11-23 16:53:56] : End
--------------------------------------------------
[2025-11-23 16:56:01] : Begin
--------------------
*MCUTYPE* : STC8G1K08A-8PIN
*MCUID* : F794C4161F11C7
*FILENAME* : D:\02_Embedded_System\Keil\C51\stc8g1k08a\00_Template\Objects\project.hex
*FILETIME* : 2025年11月23日, 16:56:01
*FILESIZE* : 1659 (0x00067B)
*CODESIZE* : 539 (0x00021B)
*CHECKSUM* : 0x000111CF
*ISPMODE* : 2
*ISPRESULT* : 0
--------------------
[2025-11-23 16:56:06] : End
--------------------------------------------------
[2025-11-23 16:57:25] : Begin
--------------------
*MCUTYPE* : STC8G1K08A-8PIN
*MCUID* : F794C4161F11C7
*FILENAME* : D:\02_Embedded_System\Keil\C51\stc8g1k08a\00_Template\Objects\project.hex
*FILETIME* : 2025年11月23日, 16:57:24
*FILESIZE* : 1663 (0x00067F)
*CODESIZE* : 540 (0x00021C)
*CHECKSUM* : 0x0001102F
*ISPMODE* : 2
*ISPRESULT* : 0
--------------------
[2025-11-23 16:57:31] : End
--------------------------------------------------
[2025-11-23 17:04:36] : Begin
--------------------
*MCUTYPE* : STC8G1K08A-8PIN
*MCUID* : F794C4161F11C7
*FILENAME* : D:\02_Embedded_System\Keil\C51\stc8g1k08a\00_Template\Objects\project.hex
*FILETIME* : 2025年11月23日, 17:04:35
*FILESIZE* : 1686 (0x000696)
*CODESIZE* : 545 (0x000221)
*CHECKSUM* : 0x00011408
*ISPMODE* : 2
*ISPRESULT* : 0
--------------------
[2025-11-23 17:04:42] : End
--------------------------------------------------
