[2025-11-17 12:20:07] : Begin
--------------------
*MCUTYPE* : STC8G1K08A-8PIN
*ISPMODE* : 1
*ISPRESULT* : 3
--------------------
[2025-11-17 12:20:43] : End
--------------------------------------------------
[2025-11-17 12:21:05] : Begin
--------------------
*MCUTYPE* : STC8G1K08A-8PIN
*ISPMODE* : 1
*ISPRESULT* : 5
--------------------
[2025-11-17 12:21:17] : End
--------------------------------------------------
[2025-11-17 12:21:23] : Begin
--------------------
*MCUTYPE* : STC8G1K08A-8PIN
*ISPMODE* : 1
*ISPRESULT* : 5
--------------------
[2025-11-17 12:21:29] : End
--------------------------------------------------
[2025-11-17 12:21:51] : Begin
--------------------
*MCUTYPE* : STC8G1K08A-8PIN
*ISPMODE* : 1
*ISPRESULT* : 5
--------------------
[2025-11-17 12:21:58] : End
--------------------------------------------------
