[2025-11-21 00:03:47] : Begin
--------------------
*MCUTYPE* : STC8G1K08A-8PIN
*MCUID* : F794C4161F11C7
*FILENAME* : D:\02_Embedded_System\Keil\C51\stc8g1k08a\00_Template\Objects\project.hex
*FILETIME* : 2025年11月21日, 00:03:46
*FILESIZE* : 1004 (0x0003EC)
*CODESIZE* : 333 (0x00014D)
*CHECKSUM* : 0x0000AE7E
*ISPMODE* : 2
*ISPRESULT* : 0
--------------------
[2025-11-21 00:03:53] : End
--------------------------------------------------
[2025-11-21 00:05:09] : Begin
--------------------
*MCUTYPE* : STC8G1K08A-8PIN
*MCUID* : F794C4161F11C7
*FILENAME* : D:\02_Embedded_System\Keil\C51\stc8g1k08a\00_Template\Objects\project.hex
*FILETIME* : 2025年11月21日, 00:05:08
*FILESIZE* : 992 (0x0003E0)
*CODESIZE* : 327 (0x000147)
*CHECKSUM* : 0x0000AE27
*ISPMODE* : 2
*ISPRESULT* : 0
--------------------
[2025-11-21 00:05:12] : End
--------------------------------------------------
[2025-11-21 21:32:01] : Begin
--------------------
*MCUTYPE* : STC8G1K08A-8PIN
*FILENAME* : D:\02_Embedded_System\Keil\C51\stc8g1k08a\00_Template\Objects\project.hex
*FILETIME* : 2025年11月21日, 21:31:47
*FILESIZE* : 1095 (0x000447)
*CODESIZE* : 359 (0x000167)
*CHECKSUM* : 0x0000C67A
*ISPMODE* : 1
*ISPRESULT* : 5
--------------------
[2025-11-21 21:32:03] : End
--------------------------------------------------
[2025-11-21 21:32:05] : Begin
--------------------
*MCUTYPE* : STC8G1K08A-8PIN
*MCUID* : F794C4161F11C7
*FILENAME* : D:\02_Embedded_System\Keil\C51\stc8g1k08a\00_Template\Objects\project.hex
*FILETIME* : 2025年11月21日, 21:31:47
*FILESIZE* : 1095 (0x000447)
*CODESIZE* : 359 (0x000167)
*CHECKSUM* : 0x0000C67A
*ISPMODE* : 2
*ISPRESULT* : 0
--------------------
[2025-11-21 21:32:07] : End
--------------------------------------------------
[2025-11-21 21:33:49] : Begin
--------------------
*MCUTYPE* : STC8G1K08A-8PIN
*MCUID* : F794C4161F11C7
*FILENAME* : D:\02_Embedded_System\Keil\C51\stc8g1k08a\00_Template\Objects\project.hex
*FILETIME* : 2025年11月21日, 21:33:48
*FILESIZE* : 1095 (0x000447)
*CODESIZE* : 359 (0x000167)
*CHECKSUM* : 0x0000C67A
*ISPMODE* : 2
*ISPRESULT* : 0
--------------------
[2025-11-21 21:33:54] : End
--------------------------------------------------
[2025-11-21 21:34:59] : Begin
--------------------
*MCUTYPE* : STC8G1K08A-8PIN
*MCUID* : F794C4161F11C7
*FILENAME* : D:\02_Embedded_System\Keil\C51\stc8g1k08a\00_Template\Objects\project.hex
*FILETIME* : 2025年11月21日, 21:34:57
*FILESIZE* : 1095 (0x000447)
*CODESIZE* : 359 (0x000167)
*CHECKSUM* : 0x0000C6FA
*ISPMODE* : 2
*ISPRESULT* : 0
--------------------
[2025-11-21 21:35:02] : End
--------------------------------------------------
[2025-11-21 21:35:43] : Begin
--------------------
*MCUTYPE* : STC8G1K08A-8PIN
*MCUID* : F794C4161F11C7
*FILENAME* : D:\02_Embedded_System\Keil\C51\stc8g1k08a\00_Template\Objects\project.hex
*FILETIME* : 2025年11月21日, 21:35:42
*FILESIZE* : 1110 (0x000456)
*CODESIZE* : 360 (0x000168)
*CHECKSUM* : 0x0000C77D
*ISPMODE* : 2
*ISPRESULT* : 0
--------------------
[2025-11-21 21:35:45] : End
--------------------------------------------------
[2025-11-21 21:36:12] : Begin
--------------------
*MCUTYPE* : STC8G1K08A-8PIN
*MCUID* : F794C4161F11C7
*FILENAME* : D:\02_Embedded_System\Keil\C51\stc8g1k08a\00_Template\Objects\project.hex
*FILETIME* : 2025年11月21日, 21:36:10
*FILESIZE* : 1110 (0x000456)
*CODESIZE* : 360 (0x000168)
*CHECKSUM* : 0x0000C67D
*ISPMODE* : 2
*ISPRESULT* : 0
--------------------
[2025-11-21 21:36:15] : End
--------------------------------------------------
[2025-11-21 21:36:43] : Begin
--------------------
*MCUTYPE* : STC8G1K08A-8PIN
*MCUID* : F794C4161F11C7
*FILENAME* : D:\02_Embedded_System\Keil\C51\stc8g1k08a\00_Template\Objects\project.hex
*FILETIME* : 2025年11月21日, 21:36:41
*FILESIZE* : 1093 (0x000445)
*CODESIZE* : 358 (0x000166)
*CHECKSUM* : 0x0000C677
*ISPMODE* : 2
*ISPRESULT* : 0
--------------------
[2025-11-21 21:36:47] : End
--------------------------------------------------
[2025-11-21 21:37:41] : Begin
--------------------
*MCUTYPE* : STC8G1K08A-8PIN
*MCUID* : F794C4161F11C7
*FILENAME* : D:\02_Embedded_System\Keil\C51\stc8g1k08a\00_Template\Objects\project.hex
*FILETIME* : 2025年11月21日, 21:37:40
*FILESIZE* : 1110 (0x000456)
*CODESIZE* : 360 (0x000168)
*CHECKSUM* : 0x0000C6DD
*ISPMODE* : 2
*ISPRESULT* : 0
--------------------
[2025-11-21 21:37:44] : End
--------------------------------------------------
[2025-11-21 21:38:27] : Begin
--------------------
*MCUTYPE* : STC8G1K08A-8PIN
*MCUID* : F794C4161F11C7
*FILENAME* : D:\02_Embedded_System\Keil\C51\stc8g1k08a\00_Template\Objects\project.hex
*FILETIME* : 2025年11月21日, 21:38:26
*FILESIZE* : 1110 (0x000456)
*CODESIZE* : 360 (0x000168)
*CHECKSUM* : 0x0000C75D
*ISPMODE* : 2
*ISPRESULT* : 0
--------------------
[2025-11-21 21:38:29] : End
--------------------------------------------------
[2025-11-21 21:39:48] : Begin
--------------------
*MCUTYPE* : STC8G1K08A-8PIN
*MCUID* : F794C4161F11C7
*FILENAME* : D:\02_Embedded_System\Keil\C51\stc8g1k08a\00_Template\Objects\project.hex
*FILETIME* : 2025年11月21日, 21:39:47
*FILESIZE* : 1095 (0x000447)
*CODESIZE* : 359 (0x000167)
*CHECKSUM* : 0x0000C6FA
*ISPMODE* : 2
*ISPRESULT* : 0
--------------------
[2025-11-21 21:39:52] : End
--------------------------------------------------
[2025-11-21 21:40:18] : Begin
--------------------
*MCUTYPE* : STC8G1K08A-8PIN
*MCUID* : F794C4161F11C7
*FILENAME* : D:\02_Embedded_System\Keil\C51\stc8g1k08a\00_Template\Objects\project.hex
*FILETIME* : 2025年11月21日, 21:40:17
*FILESIZE* : 1110 (0x000456)
*CODESIZE* : 360 (0x000168)
*CHECKSUM* : 0x0000C77D
*ISPMODE* : 2
*ISPRESULT* : 0
--------------------
[2025-11-21 21:40:22] : End
--------------------------------------------------
[2025-11-21 21:40:36] : Begin
--------------------
*MCUTYPE* : STC8G1K08A-8PIN
*MCUID* : F794C4161F11C7
*FILENAME* : D:\02_Embedded_System\Keil\C51\stc8g1k08a\00_Template\Objects\project.hex
*FILETIME* : 2025年11月21日, 21:40:35
*FILESIZE* : 1095 (0x000447)
*CODESIZE* : 359 (0x000167)
*CHECKSUM* : 0x0000C6FA
*ISPMODE* : 2
*ISPRESULT* : 0
--------------------
[2025-11-21 21:40:38] : End
--------------------------------------------------
[2025-11-21 21:41:35] : Begin
--------------------
*MCUTYPE* : STC8G1K08A-8PIN
*MCUID* : F794C4161F11C7
*FILENAME* : D:\02_Embedded_System\Keil\C51\stc8g1k08a\00_Template\Objects\project.hex
*FILETIME* : 2025年11月21日, 21:41:34
*FILESIZE* : 1097 (0x000449)
*CODESIZE* : 360 (0x000168)
*CHECKSUM* : 0x0000C683
*ISPMODE* : 2
*ISPRESULT* : 0
--------------------
[2025-11-21 21:41:37] : End
--------------------------------------------------
[2025-11-21 21:43:37] : Begin
--------------------
*MCUTYPE* : STC8G1K08A-8PIN
*MCUID* : F794C4161F11C7
*FILENAME* : D:\02_Embedded_System\Keil\C51\stc8g1k08a\00_Template\Objects\project.hex
*FILETIME* : 2025年11月21日, 21:43:36
*FILESIZE* : 1097 (0x000449)
*CODESIZE* : 360 (0x000168)
*CHECKSUM* : 0x0000C603
*ISPMODE* : 2
*ISPRESULT* : 0
--------------------
[2025-11-21 21:43:46] : End
--------------------------------------------------
[2025-11-21 21:51:10] : Begin
--------------------
*MCUTYPE* : STC8G1K08A-8PIN
*MCUID* : F794C4161F11C7
*FILENAME* : D:\02_Embedded_System\Keil\C51\stc8g1k08a\00_Template\Objects\project.hex
*FILETIME* : 2025年11月21日, 21:51:09
*FILESIZE* : 1106 (0x000452)
*CODESIZE* : 358 (0x000166)
*CHECKSUM* : 0x0000C6AF
*ISPMODE* : 2
*ISPRESULT* : 0
--------------------
[2025-11-21 21:51:13] : End
--------------------------------------------------
[2025-11-21 21:52:00] : Begin
--------------------
*MCUTYPE* : STC8G1K08A-8PIN
*MCUID* : F794C4161F11C7
*FILENAME* : D:\02_Embedded_System\Keil\C51\stc8g1k08a\00_Template\Objects\project.hex
*FILETIME* : 2025年11月21日, 21:51:59
*FILESIZE* : 1106 (0x000452)
*CODESIZE* : 358 (0x000166)
*CHECKSUM* : 0x0000C6A1
*ISPMODE* : 2
*ISPRESULT* : 0
--------------------
[2025-11-21 21:52:14] : End
--------------------------------------------------
[2025-11-21 21:58:00] : Begin
--------------------
*MCUTYPE* : STC8G1K08A-8PIN
*MCUID* : F794C4161F11C7
*FILENAME* : D:\02_Embedded_System\Keil\C51\stc8g1k08a\00_Template\Objects\project.hex
*FILETIME* : 2025年11月21日, 21:57:59
*FILESIZE* : 1106 (0x000452)
*CODESIZE* : 358 (0x000166)
*CHECKSUM* : 0x0000C701
*ISPMODE* : 2
*ISPRESULT* : 0
--------------------
[2025-11-21 21:58:11] : End
--------------------------------------------------
[2025-11-21 21:58:31] : Begin
--------------------
*MCUTYPE* : STC8G1K08A-8PIN
*MCUID* : F794C4161F11C7
*FILENAME* : D:\02_Embedded_System\Keil\C51\stc8g1k08a\00_Template\Objects\project.hex
*FILETIME* : 2025年11月21日, 21:58:30
*FILESIZE* : 1106 (0x000452)
*CODESIZE* : 358 (0x000166)
*CHECKSUM* : 0x0000C711
*ISPMODE* : 2
*ISPRESULT* : 0
--------------------
[2025-11-21 21:58:35] : End
--------------------------------------------------
[2025-11-21 21:58:57] : Begin
--------------------
*MCUTYPE* : STC8G1K08A-8PIN
*MCUID* : F794C4161F11C7
*FILENAME* : D:\02_Embedded_System\Keil\C51\stc8g1k08a\00_Template\Objects\project.hex
*FILETIME* : 2025年11月21日, 21:58:56
*FILESIZE* : 1106 (0x000452)
*CODESIZE* : 358 (0x000166)
*CHECKSUM* : 0x0000C642
*ISPMODE* : 2
*ISPRESULT* : 0
--------------------
[2025-11-21 21:59:03] : End
--------------------------------------------------
